C51 COMPILER V9.00   1602                                                                  04/16/2014 09:36:55 PAGE 1   


C51 COMPILER V9.00, COMPILATION OF MODULE 1602
OBJECT MODULE PLACED IN 1602.OBJ
COMPILER INVOKED BY: D:\Keil\C51\BIN\C51.EXE 1602.c BROWSE DEBUG OBJECTEXTEND

line level    source

   1          #include<calculate.h>
   2          #include<reg52.h>
   3          /*sbit RS=P2^6;    //寄存器选择位，将RS位定义为P2.0引脚
   4          sbit RW=P2^5;    //读写选择位，将RW位定义为P2.1引脚
   5          sbit EN=P2^7;     //使能信号位，将E位定义为P2.2引脚     */
   6          sbit BUSY=P0^7;
   7          sbit RS=P2^0;    //寄存器选择位，将RS位定义为P2.0引脚
   8          sbit RW=P2^1;    //读写选择位，将RW位定义为P2.1引脚
   9          sbit EN=P2^2;     //使能信号位，将E位定义为P2.2引脚
  10              //忙碌标志位，，将BF位定义为P0.7引脚 */
  11          extern char key; 
  12          void wait()//读状态和读数据（等待是不是忙)                                                                                              
  13          {
  14   1              P0=0xff;
  15   1              do
  16   1              {
  17   2                      RS=0;
  18   2                      RW=1;
  19   2                      EN=0;
  20   2                      EN=1;
  21   2              }while(BUSY==1);
  22   1              EN=0;
  23   1      
  24   1      }
  25          void write_dat(unsigned char dat)//1602写数据
  26          {
  27   1              wait();
  28   1          RS=1;
  29   1              RW=0;
  30   1              EN=1;
  31   1              P0=dat;
  32   1              EN=0;
  33   1      }
  34          void write_cmd(unsigned char cmd)//1602写命令
  35          {
  36   1              wait();
  37   1              RS=0;
  38   1              RW=0;
  39   1          EN=1;
  40   1              P0=cmd;
  41   1              EN=0;
  42   1          
  43   1                                       
  44   1      }
  45          void lcd_l602init()//1602初始化
  46          {
  47   1              EN=0;
  48   1              write_cmd(0x38);//设置16*2显示  
  49   1              write_cmd(0x0c);//显示器开，光标开
  50   1              write_cmd(0x06);//写一个字符后地址加1
  51   1              write_cmd(0x01);//显示清0,DPTR清0
  52   1      
  53   1      }
  54           

C51 COMPILER V9.00   1602                                                                  04/16/2014 09:36:55 PAGE 2   


MODULE INFORMATION:   STATIC OVERLAYABLE
   CODE SIZE        =     67    ----
   CONSTANT SIZE    =   ----    ----
   XDATA SIZE       =   ----    ----
   PDATA SIZE       =   ----    ----
   DATA SIZE        =   ----    ----
   IDATA SIZE       =   ----    ----
   BIT SIZE         =   ----    ----
END OF MODULE INFORMATION.


C51 COMPILATION COMPLETE.  0 WARNING(S),  0 ERROR(S)
